<?xml version="1.0" encoding="UTF-8"?>
<testsuite name="frontend.lexical_analysis.TokenTests" tests="3" skipped="0" failures="0" errors="0" timestamp="2024-07-14T11:46:04" hostname="LAPTOP" time="0.002">
  <properties/>
  <testcase name="equals_Is_Transitive()" classname="frontend.lexical_analysis.TokenTests" time="0.0"/>
  <testcase name="equals_Is_Reflexive()" classname="frontend.lexical_analysis.TokenTests" time="0.0"/>
  <testcase name="equals_Is_Symmetric()" classname="frontend.lexical_analysis.TokenTests" time="0.0"/>
  <system-out><![CDATA[]]></system-out>
  <system-err><![CDATA[]]></system-err>
</testsuite>
